<?xml version="1.0" encoding="UTF-8"?>
<!-- Generated by org.testng.reporters.JUnitReportReporter -->
<testsuite hostname="DESKTOP-4DGTVLB" failures="0" tests="1" name="tests.EpochValidatorTest" time="1.413" errors="0" timestamp="2022-08-21T14:40:12 IST" skipped="0">
  <testcase classname="tests.EpochValidatorTest" name="verifyEpochConversionWithValidInput" time="1.413"/>
  <system-out/>
</testsuite> <!-- tests.EpochValidatorTest -->
