<?xml version="1.0" encoding="UTF-8"?>
<!-- Generated by org.testng.reporters.JUnitReportReporter -->
<testsuite hostname="DESKTOP-4DGTVLB" failures="0" tests="3" name="tests.EpochValidatorTest" time="4.004" errors="0" timestamp="2022-08-23T20:56:31 IST" skipped="0">
  <testcase classname="tests.EpochValidatorTest" name="verifyEpochConversionWithValidInput" time="0.451"/>
  <system-out/>
  <testcase classname="tests.EpochValidatorTest" name="verifyEpochConversionWithInvalidInputExceedingInt32Range" time="0.510"/>
  <system-out/>
  <testcase classname="tests.EpochValidatorTest" name="verifyEpochConversionWithInvalidInput" time="3.043"/>
  <system-out/>
</testsuite> <!-- tests.EpochValidatorTest -->
