<?xml version="1.0" encoding="UTF-8"?>
<!-- Generated by org.testng.reporters.JUnitReportReporter -->
<testsuite hostname="DESKTOP-4DGTVLB" failures="0" tests="2" name="tests.EpochValidatorTest" time="1.882" errors="0" timestamp="2022-08-21T14:47:04 IST" skipped="0">
  <testcase classname="tests.EpochValidatorTest" name="verifyEpochConversionWithValidInput" time="0.533"/>
  <system-out/>
  <testcase classname="tests.EpochValidatorTest" name="verifyEpochConversionWithInvalidInput" time="1.349"/>
  <system-out/>
</testsuite> <!-- tests.EpochValidatorTest -->
